<?xml version="1.0" encoding="UTF-8" standalone="no"?>
<testsuite errors="0" failures="1" name="io.cucumber.core.plugin.JUnitFormatter" skipped="0" tests="3" time="214.396">
    <testcase classname="n11 Mobil Uygulamasi" name="n11 Mobil Uygulamasi ile Telefon Satin Alma Otomasyonu" time="74.632">
        <system-out><![CDATA[Given Kategorilere tiklanir.................................................passed
And Elektronik tiklanir.....................................................passed
Then TelefonveAksesuarlari Secilir..........................................passed
Then Cep telefonu secilir...................................................passed
Then Marka secilir..........................................................passed
When Filtrelemeye tiklanir..................................................passed
And Filtreleme yapilir......................................................passed
When Sonuclarigostere tiklanir..............................................passed
And artı butonuna basılır...................................................passed
Then tekrar renk ve dahili hafiza secimi yapilir............................passed
Then Sepete ikonuna basilir.................................................passed
And filtrelenen urunun mavi ve 128GB  oldugu dogrulanir.....................passed
Then uygulama kapatilir.....................................................passed
]]></system-out>
    </testcase>
    <testcase classname="n11 Mobil Uygulamasi" name="n11 Mobil Uygulamasi ile Telefon Satin Alma Otomasyonu 2" time="90.769">
        <failure message="Expected condition failed: waiting for presence of element located by: AppiumBy.id: com.dmall.mfandroid:id/pdpAddToCartButton (tried for 30 second(s) with 500 milliseconds interval)" type="org.openqa.selenium.TimeoutException"><![CDATA[Given Kategorilere tiklanir.................................................passed
And Elektronik tiklanir.....................................................passed
Then TelefonveAksesuarlari Secilir..........................................passed
Then Cep telefonu secilir...................................................passed
Then Marka secilir..........................................................passed
When Filtrelemeye tiklanir..................................................passed
And Filtreleme yapilir......................................................passed
When Sonuclarigostere tiklanir..............................................passed
And Urun detayına gidilir...................................................passed
Then Sepete urun eklenir....................................................failed
And filtrelenen urunun mavi ve 128GB  oldugu dogrulanir.....................skipped
Then uygulama kapatilir.....................................................skipped

StackTrace:
org.openqa.selenium.TimeoutException: Expected condition failed: waiting for presence of element located by: AppiumBy.id: com.dmall.mfandroid:id/pdpAddToCartButton (tried for 30 second(s) with 500 milliseconds interval)
	at org.openqa.selenium.support.ui.WebDriverWait.timeoutException(WebDriverWait.java:87)
	at org.openqa.selenium.support.ui.FluentWait.until(FluentWait.java:231)
	at util.ReuseableMethods.presenceElement(ReuseableMethods.java:25)
	at util.ReuseableMethods.findingElement(ReuseableMethods.java:28)
	at pages.n11Pages.sepetEklemeTiklama(n11Pages.java:146)
	at stepDefinitions.n11StepDefinitions.sepeteUrunEklenir(n11StepDefinitions.java:78)
	at ✽.Sepete urun eklenir(file:///C:/Asoftware/AppiumN11ProjectWithCucumber/src/test/java/features/n11.feature:31)
Caused by: org.openqa.selenium.NoSuchElementException: An element could not be located on the page using the given search parameters.
For documentation on this error, please visit: https://selenium.dev/exceptions/#no_such_element
Build info: version: '4.8.1', revision: '8ebccac989'
System info: os.name: 'Windows 10', os.arch: 'amd64', os.version: '10.0', java.version: '19.0.2'
Driver info: io.appium.java_client.android.AndroidDriver
Command: [9f58ccec-37f7-4eb7-bceb-cb49c7c65565, findElement {using=id, value=com.dmall.mfandroid:id/pdpAddToCartButton}]
Capabilities {appium:appActivity: com.dmall.mfandroid.activit..., appium:appPackage: com.dmall.mfandroid, appium:automationName: UiAutomator2, appium:databaseEnabled: false, appium:desired: {appActivity: com.dmall.mfandroid.activit..., appPackage: com.dmall.mfandroid, automationName: UiAutomator2, deviceName: V150143202104233497, platformName: android, platformVersion: 10}, appium:deviceApiLevel: 29, appium:deviceManufacturer: Vestel, appium:deviceModel: V TAB Z1, appium:deviceName: V150143202104233497, appium:deviceScreenDensity: 248, appium:deviceScreenSize: 800x1280, appium:deviceUDID: V150143202104233497, appium:javascriptEnabled: true, appium:locationContextEnabled: false, appium:networkConnectionEnabled: true, appium:pixelRatio: 1.5500001, appium:platformVersion: 10, appium:statBarHeight: 37, appium:takesScreenshot: true, appium:viewportRect: {height: 1169, left: 0, top: 37, width: 800}, appium:warnings: {}, appium:webStorageEnabled: false, platformName: ANDROID}
Session ID: 9f58ccec-37f7-4eb7-bceb-cb49c7c65565
	at java.base/jdk.internal.reflect.DirectConstructorHandleAccessor.newInstance(DirectConstructorHandleAccessor.java:67)
	at java.base/java.lang.reflect.Constructor.newInstanceWithCaller(Constructor.java:500)
	at java.base/java.lang.reflect.Constructor.newInstance(Constructor.java:484)
	at org.openqa.selenium.remote.codec.w3c.W3CHttpResponseCodec.createException(W3CHttpResponseCodec.java:200)
	at org.openqa.selenium.remote.codec.w3c.W3CHttpResponseCodec.decode(W3CHttpResponseCodec.java:133)
	at org.openqa.selenium.remote.codec.w3c.W3CHttpResponseCodec.decode(W3CHttpResponseCodec.java:53)
	at org.openqa.selenium.remote.HttpCommandExecutor.execute(HttpCommandExecutor.java:184)
	at io.appium.java_client.remote.AppiumCommandExecutor.execute(AppiumCommandExecutor.java:262)
	at org.openqa.selenium.remote.RemoteWebDriver.execute(RemoteWebDriver.java:543)
	at org.openqa.selenium.remote.ElementLocation$ElementFinder$2.findElement(ElementLocation.java:162)
	at org.openqa.selenium.remote.ElementLocation.findElement(ElementLocation.java:60)
	at org.openqa.selenium.remote.RemoteWebDriver.findElement(RemoteWebDriver.java:352)
	at org.openqa.selenium.remote.RemoteWebDriver.findElement(RemoteWebDriver.java:344)
	at org.openqa.selenium.support.ui.ExpectedConditions$6.apply(ExpectedConditions.java:174)
	at org.openqa.selenium.support.ui.ExpectedConditions$6.apply(ExpectedConditions.java:171)
	at org.openqa.selenium.support.ui.FluentWait.until(FluentWait.java:208)
	at util.ReuseableMethods.presenceElement(ReuseableMethods.java:25)
	at util.ReuseableMethods.findingElement(ReuseableMethods.java:28)
	at pages.n11Pages.sepetEklemeTiklama(n11Pages.java:146)
	at stepDefinitions.n11StepDefinitions.sepeteUrunEklenir(n11StepDefinitions.java:78)
	at java.base/jdk.internal.reflect.DirectMethodHandleAccessor.invoke(DirectMethodHandleAccessor.java:104)
	at java.base/java.lang.reflect.Method.invoke(Method.java:578)
	at io.cucumber.java.Invoker.doInvoke(Invoker.java:66)
	at io.cucumber.java.Invoker.invoke(Invoker.java:24)
	at io.cucumber.java.AbstractGlueDefinition.invokeMethod(AbstractGlueDefinition.java:47)
	at io.cucumber.java.JavaStepDefinition.execute(JavaStepDefinition.java:29)
	at io.cucumber.core.runner.CoreStepDefinition.execute(CoreStepDefinition.java:66)
	at io.cucumber.core.runner.PickleStepDefinitionMatch.runStep(PickleStepDefinitionMatch.java:63)
	at io.cucumber.core.runner.ExecutionMode$1.execute(ExecutionMode.java:10)
	at io.cucumber.core.runner.TestStep.executeStep(TestStep.java:85)
	at io.cucumber.core.runner.TestStep.run(TestStep.java:57)
	at io.cucumber.core.runner.PickleStepTestStep.run(PickleStepTestStep.java:51)
	at io.cucumber.core.runner.TestCase.run(TestCase.java:84)
	at io.cucumber.core.runner.Runner.runPickle(Runner.java:75)
	at io.cucumber.junit.PickleRunners$NoStepDescriptions.lambda$run$0(PickleRunners.java:151)
	at io.cucumber.core.runtime.CucumberExecutionContext.lambda$runTestCase$5(CucumberExecutionContext.java:129)
	at io.cucumber.core.runtime.RethrowingThrowableCollector.executeAndThrow(RethrowingThrowableCollector.java:23)
	at io.cucumber.core.runtime.CucumberExecutionContext.runTestCase(CucumberExecutionContext.java:129)
	at io.cucumber.junit.PickleRunners$NoStepDescriptions.run(PickleRunners.java:148)
	at io.cucumber.junit.FeatureRunner.runChild(FeatureRunner.java:144)
	at io.cucumber.junit.FeatureRunner.runChild(FeatureRunner.java:28)
	at org.junit.runners.ParentRunner$4.run(ParentRunner.java:331)
	at org.junit.runners.ParentRunner$1.schedule(ParentRunner.java:79)
	at org.junit.runners.ParentRunner.runChildren(ParentRunner.java:329)
	at org.junit.runners.ParentRunner.access$100(ParentRunner.java:66)
	at org.junit.runners.ParentRunner$2.evaluate(ParentRunner.java:293)
	at org.junit.runners.ParentRunner$3.evaluate(ParentRunner.java:306)
	at org.junit.runners.ParentRunner.run(ParentRunner.java:413)
	at io.cucumber.junit.FeatureRunner.run(FeatureRunner.java:137)
	at io.cucumber.junit.Cucumber.runChild(Cucumber.java:196)
	at io.cucumber.junit.Cucumber.runChild(Cucumber.java:89)
	at org.junit.runners.ParentRunner$4.run(ParentRunner.java:331)
	at org.junit.runners.ParentRunner$1.schedule(ParentRunner.java:79)
	at org.junit.runners.ParentRunner.runChildren(ParentRunner.java:329)
	at org.junit.runners.ParentRunner.access$100(ParentRunner.java:66)
	at org.junit.runners.ParentRunner$2.evaluate(ParentRunner.java:293)
	at io.cucumber.junit.Cucumber$RunBeforeAllHooks.evaluate(Cucumber.java:266)
	at io.cucumber.junit.Cucumber$RunAfterAllHooks.evaluate(Cucumber.java:281)
	at io.cucumber.junit.Cucumber$StartTestRun.evaluate(Cucumber.java:233)
	at io.cucumber.junit.Cucumber$FinishTestRun.evaluate(Cucumber.java:248)
	at org.junit.runners.ParentRunner$3.evaluate(ParentRunner.java:306)
	at org.junit.runners.ParentRunner.run(ParentRunner.java:413)
	at org.junit.runner.JUnitCore.run(JUnitCore.java:137)
	at com.intellij.junit4.JUnit4IdeaTestRunner.startRunnerWithArgs(JUnit4IdeaTestRunner.java:69)
	at com.intellij.rt.junit.IdeaTestRunner$Repeater$1.execute(IdeaTestRunner.java:38)
	at com.intellij.rt.execution.junit.TestsRepeater.repeat(TestsRepeater.java:11)
	at com.intellij.rt.junit.IdeaTestRunner$Repeater.startRunnerWithArgs(IdeaTestRunner.java:35)
	at com.intellij.rt.junit.JUnitStarter.prepareStreamsAndStart(JUnitStarter.java:235)
	at com.intellij.rt.junit.JUnitStarter.main(JUnitStarter.java:54)
]]></failure>
    </testcase>
    <testcase classname="n11 Mobil Uygulamasi" name="Lenovo Thinkpad laptop arama sonuclarının lenovo icerdigi dogrulanır" time="48.481">
        <system-out><![CDATA[Given arama kutusuna tiklanir...............................................passed
And "lenovo thinkpad" yazilir ve arama yapilir..............................passed
Then Arama sonuclarinin "lenovo thinkpad" icerdigi dogrulanır...............passed
And uygulama kapatilir......................................................passed
]]></system-out>
    </testcase>
</testsuite>
